<?xml version="1.0" encoding="UTF-8"?>
<testsuite name="com.calculator.StringCalculatorTest" tests="5" skipped="0" failures="0" errors="0" timestamp="2024-04-24T20:05:14" hostname="DESKTOP-L0C72P0" time="0.077">
  <properties/>
  <testcase name="add_returnSelfNumber_whenStringNumberHasOnlyOneNumber()" classname="com.calculator.StringCalculatorTest" time="0.043"/>
  <testcase name="add_returnSum_whenStringNumberHasNewLines()" classname="com.calculator.StringCalculatorTest" time="0.004"/>
  <testcase name="add_return0_whenStringNumbersIsEmpty()" classname="com.calculator.StringCalculatorTest" time="0.002"/>
  <testcase name="add_returnSum_whenStringNumberHasUnknownAmountOfNumbers()" classname="com.calculator.StringCalculatorTest" time="0.002"/>
  <testcase name="add_returnSum_whenStringNumberHasOnlyTwoNumber()" classname="com.calculator.StringCalculatorTest" time="0.003"/>
  <system-out><![CDATA[]]></system-out>
  <system-err><![CDATA[]]></system-err>
</testsuite>
